<?xml version="1.0" encoding="UTF-8"?>
<!-- Generated by org.testng.reporters.JUnitReportReporter -->
<testsuite hostname="B0153-BhanuP" failures="0" tests="3" name="test.DOM" time="0.009" errors="0" timestamp="2023-01-04T11:23:45 IST" skipped="0">
  <testcase classname="test.DOM" name="api" time="0.001"/>
  <system-out/>
  <testcase classname="test.DOM" name="cpi" time="0.007"/>
  <system-out/>
  <testcase classname="test.DOM" name="bpi" time="0.001"/>
  <system-out/>
</testsuite> <!-- test.DOM -->
