<?xml version="1.0" encoding="UTF-8"?>
<!-- Generated by org.testng.reporters.JUnitReportReporter -->
<testsuite hostname="B0153-BhanuP" failures="0" tests="4" name="test1.Parametrisation" time="0.013" errors="0" timestamp="2023-01-04T14:56:41 IST" skipped="0">
  <testcase classname="test1.Parametrisation" name="login" time="0.001"/>
  <system-out/>
  <testcase classname="test1.Parametrisation" name="login" time="0.001"/>
  <system-out/>
  <testcase classname="test1.Parametrisation" name="WebLogin" time="0.010"/>
  <system-out/>
  <testcase classname="test1.Parametrisation" name="login" time="0.001"/>
  <system-out/>
</testsuite> <!-- test1.Parametrisation -->
