<?xml version="1.0" encoding="UTF-8"?>
<!-- Generated by org.testng.reporters.JUnitReportReporter -->
<testsuite hostname="B0153-BhanuP" failures="0" tests="1" name="test.pure" time="0.001" errors="0" timestamp="2023-01-04T00:20:29 IST" skipped="0">
  <testcase classname="test.pure" name="p1" time="0.001"/>
  <system-out/>
</testsuite> <!-- test.pure -->
