<?xml version="1.0" encoding="UTF-8"?>
<!-- Generated by org.testng.reporters.JUnitReportReporter -->
<testsuite hostname="B0153-BhanuP" failures="0" tests="2" name="test.Car" time="0.011" errors="0" timestamp="2022-12-20T00:31:18 IST" skipped="0">
  <testcase classname="test.Car" name="sing" time="0.009"/>
  <system-out/>
  <testcase classname="test.Car" name="write" time="0.002"/>
  <system-out/>
</testsuite> <!-- test.Car -->
