<?xml version="1.0" encoding="UTF-8"?>
<!-- Generated by org.testng.reporters.JUnitReportReporter -->
<testsuite hostname="B0153-BhanuP" failures="0" tests="6" name="test.Similar" time="0.012" errors="0" timestamp="2023-01-04T00:20:29 IST" skipped="0">
  <testcase classname="test.Similar" name="bobilePen" time="0.001"/>
  <system-out/>
  <testcase classname="test.Similar" name="Mobilelogin" time="0.001"/>
  <system-out/>
  <testcase classname="test.Similar" name="Mobilepencil" time="0.001"/>
  <system-out/>
  <testcase classname="test.Similar" name="bobilelogin" time="0.001"/>
  <system-out/>
  <testcase classname="test.Similar" name="bobilepencil" time="0.001"/>
  <system-out/>
  <testcase classname="test.Similar" name="MobilePen" time="0.007"/>
  <system-out/>
</testsuite> <!-- test.Similar -->
