<?xml version="1.0" encoding="UTF-8"?>
<!-- Generated by org.testng.reporters.JUnitReportReporter -->
<testsuite hostname="B0153-BhanuP" failures="0" tests="2" name="test.Loan" time="0.002" errors="0" timestamp="2023-01-04T00:49:44 IST" skipped="0">
  <testcase classname="test.Loan" name="homeLoan" time="0.001"/>
  <system-out/>
  <testcase classname="test.Loan" name="carLoan" time="0.001"/>
  <system-out/>
</testsuite> <!-- test.Loan -->
