<?xml version="1.0" encoding="UTF-8"?>
<!-- Generated by org.testng.reporters.JUnitReportReporter -->
<testsuite hostname="B0153-BhanuP" failures="0" tests="7" name="test.Dom1" time="0.011" errors="0" timestamp="2023-01-04T12:19:45 IST" skipped="0">
  <testcase classname="test.Dom1" name="Cpi" time="0.000"/>
  <system-out/>
  <testcase classname="test.Dom1" name="Epi" time="0.001"/>
  <system-out/>
  <testcase classname="test.Dom1" name="Api" time="0.007"/>
  <system-out/>
  <testcase classname="test.Dom1" name="Fpi" time="0.001"/>
  <system-out/>
  <testcase classname="test.Dom1" name="Bpi" time="0.001"/>
  <system-out/>
  <testcase classname="test.Dom1" name="Gpi" time="0.000"/>
  <system-out/>
  <testcase classname="test.Dom1" name="Dpi" time="0.001"/>
  <system-out/>
</testsuite> <!-- test.Dom1 -->
