<?xml version="1.0" encoding="UTF-8"?>
<!-- Generated by org.testng.reporters.JUnitReportReporter -->
<testsuite hostname="B0153-BhanuP" failures="0" tests="5" name="test1.Dom1" time="0.017" errors="0" timestamp="2023-05-15T12:05:48 IST" skipped="2">
  <testcase classname="test1.Dom1" name="man" time="0.001"/>
  <system-out/>
  <testcase classname="test1.Dom1" name="man" time="0.011"/>
  <system-out/>
  <testcase classname="test1.Dom1" name="pan" time="0.005"/>
  <system-out/>
  <testcase classname="test1.Dom1" name="nan">
    <skipped/>
  </testcase> <!-- nan -->
  <system-out/>
  <testcase classname="test1.Dom1" name="oan">
    <skipped/>
  </testcase> <!-- oan -->
  <system-out/>
</testsuite> <!-- test1.Dom1 -->
