<?xml version="1.0" encoding="UTF-8"?>
<!-- Generated by org.testng.reporters.JUnitReportReporter -->
<testsuite hostname="B0153-BhanuP" failures="0" tests="4" name="test.Demo" time="0.008" errors="0" timestamp="2023-05-15T12:29:33 IST" skipped="0">
  <testcase classname="test.Demo" name="Bark" time="0.005"/>
  <system-out/>
  <testcase classname="test.Demo" name="p4" time="0.002"/>
  <system-out/>
  <testcase classname="test.Demo" name="run" time="0.001"/>
  <system-out/>
  <testcase classname="test.Demo" name="write" time="0.000"/>
  <system-out/>
</testsuite> <!-- test.Demo -->
