<?xml version="1.0" encoding="UTF-8"?>
<!-- Generated by org.testng.reporters.JUnitReportReporter -->
<testsuite hostname="B0153-BhanuP" failures="0" tests="1" name="e1.ExtentReport" time="3.957" errors="0" timestamp="2023-03-24T14:52:20 IST" skipped="0">
  <testcase classname="e1.ExtentReport" name="Extent" time="3.957"/>
  <system-out/>
</testsuite> <!-- e1.ExtentReport -->
