<?xml version="1.0" encoding="UTF-8"?>
<!-- Generated by org.testng.reporters.JUnitReportReporter -->
<testsuite hostname="B0153-BhanuP" failures="0" tests="3" name="biocube_TruNtrance.Tru" time="33.547" errors="0" timestamp="2023-07-11T10:41:08 IST" skipped="0">
  <testcase classname="biocube_TruNtrance.Tru" name="LoginSuperAdmin" time="7.304"/>
  <system-out/>
  <testcase classname="biocube_TruNtrance.Tru" name="LoginSuperAdmin" time="11.094"/>
  <system-out/>
  <testcase classname="biocube_TruNtrance.Tru" name="LoginSuperAdmin" time="15.149"/>
  <system-out/>
</testsuite> <!-- biocube_TruNtrance.Tru -->
