<?xml version="1.0" encoding="UTF-8"?>
<!-- Generated by org.testng.reporters.JUnitReportReporter -->
<testsuite hostname="B0153-BhanuP" failures="0" tests="1" name="practice.DynamicJson" time="1.567" errors="0" timestamp="2022-09-20T18:35:02 IST" skipped="0">
  <testcase classname="practice.DynamicJson" name="addBook" time="1.567"/>
  <system-out/>
</testsuite> <!-- practice.DynamicJson -->
