<?xml version="1.0" encoding="UTF-8"?>
<!-- Generated by org.testng.reporters.JUnitReportReporter -->
<testsuite hostname="B0153-BhanuP" failures="0" tests="2" name="practice.DataProviderTestNg" time="2.222" errors="0" timestamp="2023-06-23T14:39:26 IST" skipped="0">
  <testcase classname="practice.DataProviderTestNg" name="addBook" time="0.298"/>
  <system-out/>
  <testcase classname="practice.DataProviderTestNg" name="addBook" time="1.924"/>
  <system-out/>
</testsuite> <!-- practice.DataProviderTestNg -->
